प्राचीनकाल	n	4	r6
के	psp	1	lwg__psp
सोलह	num	4	nmod__adj
महाजनपदों	n	7	nmod
में	psp	4	lwg__psp
से	psp	4	lwg__psp
एक	num	9	nmod
'	punc	9	rsym
कुशीनारा	n	34	k1
'	punc	9	rsym
(	punc	12	rsym
आज	n	14	r6
का	psp	12	lwg__psp
कुशीनगर	n	9	rs
)	punc	14	rsym
अपने	pn	22	r6
प्राचीन	adj	19	ccof
,	punc	17	rsym
NULL	unk	22	nmod
वैभवशाली	adj	19	ccof
,	punc	20	rsym
धर्म	n	23	ccof
और	avy	34	rt
शांति	n	23	ccof
के	psp	24	lwg__psp
लिए	psp	24	lwg__psp
विश्‍व	n	30	r6
के	psp	27	lwg__psp
धार्मिक	adj	30	nmod__adj
मानचित्र	n	34	k7
पर	psp	30	lwg__psp
विशिष्‍ट	adj	33	nmod__adj
स्‍थान	n	34	k1s
रखता	v	0	main
है	v	34	lwg__vaux
।	punc	34	rsym

रामायण	n	2	pof__cn
काल	n	23	k7t
में	psp	2	lwg__psp
भगवान	n	5	pof__cn
राम	n	7	r6
के	psp	5	lwg__psp
पुत्र	n	8	nmod
कुश	n	10	r6
की	psp	8	lwg__psp
राजधानी	n	11	nmod
कुशावती	n	23	k2
को	psp	11	lwg__psp
483	n	15	pof__cn
ईसा	n	15	pof__cn
पूर्व	n	23	k7t
बुद्ध	n	23	k1
ने	psp	16	lwg__psp
अपने	pn	20	r6
अंतिम	adj	20	nmod__adj
विश्राम	n	23	rt
के	psp	20	lwg__psp
लिए	psp	20	lwg__psp
चुना	v	0	main
।	punc	23	rsym

मल्‍लों	n	3	r6
की	psp	1	lwg__psp
राजधानी	n	4	k1
होने	v	14	rh
के	psp	4	lwg__psp
कारण	n	4	lwg__psp
प्राचीनकाल	n	14	k7t
में	psp	7	lwg__psp
इस	pn	10	nmod__adj
स्‍थान	n	13	r6
का	psp	10	lwg__psp
अत्‍यंत	adj	13	nmod__adj
महत्‍व	n	14	k1
था	v	0	main
।	punc	14	rsym

बौद्ध	n	2	nmod__adj
धर्मावलंबियों	n	18	k7a
के	psp	2	lwg__psp
अनुसार	psp	2	lwg__psp
लुंबनी	n	8	ccof
,	punc	5	rsym
बोधगया	n	8	ccof
और	avy	18	ras-k1
सारनाथ	n	8	ccof
के	psp	9	lwg__psp
साथ	nst	9	lwg__psp
ही	avy	11	lwg__rp
इस	pn	14	nmod__adj
स्‍थान	n	17	r6
का	psp	14	lwg__psp
विशद्	adj	17	nmod__adj
महत्‍व	n	18	k1
है	v	0	main
।	punc	18	rsym

हिंदू	adj	2	nmod__adj
राजाओं	n	4	r6
के	psp	2	lwg__psp
काल	n	25	k7t
में	psp	4	lwg__psp
चीन	n	25	k5
से	psp	6	lwg__psp
ह्वेन	n	9	pof__cn
सांग	n	12	ccof
,	punc	9	rsym
फाह्यान	n	12	ccof
और	avy	25	k1
इत्‍सिंग	n	12	ccof
ने	psp	13	lwg__psp
अपने	pn	17	r6
यात्रा	n	17	pof__cn
वृत्तांत	n	25	k7
में	psp	17	lwg__psp
इस	pn	20	nmod__adj
स्‍थान	n	22	r6
के	psp	20	lwg__psp
गौरव	n	24	r6-k2
का	psp	22	lwg__psp
वर्णन	n	25	pof
किया	v	0	main
है	v	25	lwg__vaux
।	punc	25	rsym

कुशीनगर	n	5	r6
का	psp	1	lwg__psp
सबसे	avy	4	jjmod__intf
ज्‍यादा	avy	5	nmod__adj
महत्‍व	n	11	k1
बौद्ध	n	7	nmod__adj
तीर्थ	n	11	k7
के	psp	7	lwg__psp
रूप	n	7	lwg__psp
में	psp	7	lwg__psp
है	v	0	main
।	punc	11	rsym

1876	n	10	k7t
में	psp	1	lwg__psp
यह	pn	4	nmod__adj
स्‍थान	n	10	k1
एक	num	6	nmod__adj
बार	n	7	rbmod
फिर	adv	10	adv
प्रकाश	n	10	k7
में	psp	8	lwg__psp
आया	v	0	main
,	punc	10	rsym
जब	pn	22	k7t
तत्‍कालीन	adj	14	nmod__adj
पुरातत्‍ववेत्‍ता	n	16	nmod
लॉर्ड	n	16	pof__cn
कर्निंघम	n	22	k1
ने	psp	16	lwg__psp
महापरिनिर्वाण	n	19	pof__cn
मूर्ति	n	21	r6-k2
की	psp	19	lwg__psp
खोज	n	22	pof
की	v	0	root
।	punc	0	root

आइए	v	2	rad
करें	v	0	main
सैर	n	2	pof
-	punc	2	rsym

कुशीनगर	n	3	r6
की	psp	1	lwg__psp
सीमा	n	6	k7p
में	psp	3	lwg__psp
प्रवेश	n	6	pof
करते	v	12	vmod
ही	avy	6	lwg__rp
भव्‍य	adj	9	nmod__adj
प्रवेशद्वार	n	12	k1
आपका	pn	11	r6-k2
स्वागत	n	12	pof
करता	v	0	main
है	v	12	lwg__vaux
।	punc	12	rsym

इसके	pn	13	k7t
बाद	nst	1	lwg__psp
आम	adj	4	nmod__adj
तौर	n	13	k7
पर	psp	4	lwg__psp
पर्यटकों	n	8	r6
की	psp	6	lwg__psp
निगाह	n	13	k1
महापरिनिर्वाण	n	10	pof__cn
मंदिर	n	13	rd
की	psp	10	lwg__psp
ओर	nst	10	lwg__psp
पड़ती	v	0	main
है	v	13	lwg__vaux
।	punc	13	rsym

कुशीनगर	n	3	r6
का	psp	1	lwg__psp
महत्‍व	n	7	k1
महापरिनिर्वाण	n	5	pof__cn
मंदिर	n	7	rh
से	psp	5	lwg__psp
है	v	0	main
।	punc	7	rsym

इस	pn	2	nmod__adj
मंदिर	n	4	r6
का	psp	2	lwg__psp
स्‍थापत्‍य	n	10	k1
अजंता	n	7	r6
की	psp	5	lwg__psp
गुफाओं	n	10	k3
से	psp	7	lwg__psp
प्रेरित	adj	10	k1s
है	v	0	main
।	punc	10	rsym

मंदिर	n	3	r6
के	psp	1	lwg__psp
डाट	n	12	k1
हूबहू	adv	12	adv
अजंता	n	7	r6
की	psp	5	lwg__psp
गुफाओं	n	9	r6
के	psp	7	lwg__psp
डाट	n	12	k1u
की	psp	9	lwg__psp
तरह	n	9	lwg__psp
हैं	v	0	main
।	punc	12	rsym

इस	pn	2	nmod__adj
मंदिर	n	0	root
में	psp	2	lwg__psp
भगवान	n	5	pof__cn
बुद्ध	n	0	root
की	psp	5	lwg__psp
लेटी	v	0	root
हुई	v	7	lwg__vaux
(	punc	13	rsym
भू	n	13	pof__cn
-	punc	13	rsym
स्‍पर्श	n	13	pof__cn
मुद्रा	n	0	root
)	punc	13	rsym
6	num	16	nmod__adj
मीटर	n	17	jjmod
लंबी	adj	18	nmod
मूर्ति	n	19	k1
है	v	0	root
,	punc	19	rsym
जो	pn	27	k1
लाल	adj	24	nmod__adj
बलुई	adj	22	mod
मिट्टी	n	26	r6
की	psp	24	lwg__psp
NULL	n	27	k1s
बनी	v	0	root
है	v	27	lwg__vaux
।	punc	0	root

यह	pn	2	nmod__adj
मंदिर	n	6	k1
उसी	pn	4	nmod__adj
स्‍थान	n	6	k7p
पर	psp	4	lwg__psp
बनाया	v	0	main
गया	v	6	lwg__vaux
है	v	7	lwg__vaux_cont
,	punc	6	rsym
जहाँ	pn	14	k7p
से	psp	10	lwg__psp
यह	pn	13	nmod__adj
मूर्ति	n	14	k1
निकाली	v	0	root
गई	v	14	lwg__vaux
थी	v	15	lwg__vaux_cont
।	punc	0	root

मंदिर	n	4	r6
के	psp	1	lwg__psp
पूर्व	adj	4	nmod__adj
हिस्‍से	n	8	k7p
में	psp	4	lwg__psp
एक	num	7	nmod__adj
स्‍तूप	n	8	k1
है	v	0	main
।	punc	8	rsym

यहाँ	pn	8	k7p
पर	psp	1	lwg__psp
भगवान	n	4	pof__cn
बुद्ध	n	7	r6-k2
का	psp	4	lwg__psp
अंतिम	adj	7	nmod__adj
संस्‍कार	n	8	pof
किया	v	0	main
गया	v	8	lwg__vaux
था	v	9	lwg__vaux_cont
।	punc	8	rsym

मूर्ति	n	12	k1
भी	avy	1	lwg__rp
अजंता	n	6	r6
के	psp	3	lwg__psp
भगवान	n	6	pof__cn
बुद्ध	n	9	r6
की	psp	6	lwg__psp
महापरिनिर्वाण	n	9	pof__cn
मूर्ति	n	11	r6
की	psp	9	lwg__psp
प्रतिकृति	n	12	k1s
है	v	0	main
।	punc	12	rsym

वैसे	adv	9	sent-adv
मूर्ति	n	4	r6
का	psp	2	lwg__psp
काल	n	9	k1
अजंता	n	9	vmod
से	psp	5	lwg__psp
पूर्व	nst	5	lwg__psp
का	psp	7	lwg__psp
है	v	0	main
।	punc	9	rsym

इस	pn	2	nmod__adj
मंदिर	n	32	k7p
के	psp	2	lwg__psp
आसपास	nst	2	lwg__psp
कई	avy	6	nmod__adj
विहार	n	15	ccof
(	punc	8	rsym
जहाँ	pn	11	k7p
बौद्ध	adj	10	nmod__adj
भिक्षु	n	11	k1
रहा	v	6	rs
करते	v	11	lwg__vaux
थे	v	12	lwg__vaux_cont
)	punc	11	rsym
और	avy	29	ccof
चैत्‍य	n	15	ccof
(	punc	18	rsym
जहाँ	pn	21	k7p
भिक्षु	n	21	k1
पूजा	n	21	pof
करते	v	23	ccof
थे	v	21	lwg__vaux
या	avy	16	rs
ध्‍यान	n	25	pof
लगाते	v	23	ccof
थे	v	25	lwg__vaux
)	punc	25	rsym
भग्‍नावशेष	n	29	ccof
और	avy	32	k1
खंडहर	n	29	ccof
मौजूद	adj	32	k1s
हैं	v	0	main
जो	pn	35	k1
अशोककालीन	adj	35	k1s
बताए	v	0	root
जाते	v	35	lwg__vaux
हैं	v	36	lwg__vaux_cont
।	punc	0	root

मंदिर	n	2	pof__cn
परिसर	n	4	k2
से	psp	2	lwg__psp
लगा	v	8	nmod__k1inv
काफी	avy	8	nmod__adj
बड़ा	adj	8	nmod__adj
सा	avy	6	lwg__rp
पार्क	n	9	k1
है	v	0	main
,	punc	9	rsym
जहाँ	pn	15	k7p
पर्यटकों	n	14	r6
का	psp	12	lwg__psp
जमावड़ा	n	15	k1
लगा	v	0	root
रहता	v	15	lwg__vaux
है	v	16	lwg__vaux_cont
।	punc	0	root

वैसे	adv	10	sent-adv
इस	pn	4	nmod__adj
पूरे	adj	4	nmod__adj
परिसर	n	10	k7p
में	psp	4	lwg__psp
अलौकिक	adj	7	nmod__adj
शांति	n	9	r6
का	psp	7	lwg__psp
वातावरण	n	10	k1
है	v	0	main
।	punc	10	rsym

महापरिनिर्वाण	n	2	pof__cn
मंदिर	n	5	nmod
से	psp	2	lwg__psp
कुछ	avy	5	nmod__adj
दूर	nst	6	nmod
आगे	nst	11	k7p
माथा	n	8	pof__cn
कुँवर	n	10	r6
का	psp	8	lwg__psp
मंदिर	n	11	k1
है	v	0	main
।	punc	11	rsym

इसके	pn	3	r6
स्‍थानीय	adj	3	nmod__adj
लोगों	n	9	k7
में	psp	3	lwg__psp
भगवान	n	6	pof__cn
विष्‍णु	n	8	r6
के	psp	6	lwg__psp
अवतार	n	9	k1
होने	v	11	r6
की	psp	9	lwg__psp
मान्‍यता	n	14	k1
भी	avy	11	lwg__rp
प्रचलित	adj	14	k1s
है	v	0	main
।	punc	14	rsym

इस	pn	2	nmod__adj
मूर्ति	n	10	k1
के	psp	2	lwg__psp
भी	avy	2	lwg__rp
करीब	avy	7	lwg__rp
पाँच	num	7	mod
सौ	num	8	nmod__adj
वर्ष	n	10	k7t
पुराना	adj	10	k1s
होने	v	12	r6
का	psp	10	lwg__psp
प्रमाण	n	13	k1
मिलता	v	0	main
है	v	13	lwg__vaux
।	punc	13	rsym

माथा	n	2	pof__cn
कुँवर	n	4	r6
की	psp	2	lwg__psp
मूर्ति	n	8	k1
काले	adj	6	nmod__adj
पत्‍थर	n	8	k5
से	psp	6	lwg__psp
बनी	v	0	main
है	v	8	lwg__vaux
।	punc	8	rsym

इसकी	pn	2	r6
ऊँचाई	n	6	k1
करीब	avy	4	lwg__rp
तीन	num	5	nmod__adj
मीटर	n	6	k1s
है	v	0	main
।	punc	6	rsym

मूर्ति	n	14	k1
भगवान	n	3	pof__cn
बुद्ध	n	5	r6
के	psp	3	lwg__psp
बोधि	n	7	k2
प्राप्‍त	adj	7	pof
करने	v	12	r6
से	psp	7	lwg__psp
पूर्व	nst	7	lwg__psp
की	psp	9	lwg__psp
ध्‍यान	n	12	pof__cn
मुद्रा	n	14	k7
में	psp	12	lwg__psp
है	v	0	main
।	punc	14	rsym

