प्राचीनकाल	n	2	lwg__psp
के	psp	0	root
सोलह	num	0	root
महाजनपदों	n	3	nmod__adj
में	psp	0	root
से	psp	0	root
एक	num	0	root
'	punc	0	root
कुशीनारा	n	8	rsym
'	punc	0	root
(	punc	0	root
आज	n	11	rsym
का	psp	0	root
कुशीनगर	n	15	rsym
)	punc	0	root
अपने	pn	0	root
प्राचीन	adj	18	rsym
,	punc	0	root
NULL	unk	0	root
वैभवशाली	adj	21	rsym
,	punc	0	root
धर्म	n	0	root
और	avy	22	ccof
शांति	n	25	lwg__psp
के	psp	0	root
लिए	psp	0	root
विश्‍व	n	28	lwg__psp
के	psp	0	root
धार्मिक	adj	0	root
मानचित्र	n	29	nmod__adj
पर	psp	0	root
विशिष्‍ट	adj	0	root
स्‍थान	n	32	nmod__adj
रखता	v	35	lwg__vaux
है	v	0	root
।	punc	0	root

रामायण	n	0	root
काल	n	1	pof__cn
में	psp	0	root
भगवान	n	0	root
राम	n	4	pof__cn
के	psp	0	root
पुत्र	n	0	root
कुश	n	7	nmod
की	psp	0	root
राजधानी	n	0	root
कुशावती	n	10	nmod
को	psp	0	root
483	n	0	root
ईसा	n	0	root
पूर्व	n	14	pof__cn
बुद्ध	n	17	lwg__psp
ने	psp	0	root
अपने	pn	0	root
अंतिम	adj	0	root
विश्राम	n	19	nmod__adj
के	psp	0	root
लिए	psp	0	root
चुना	v	0	root
।	punc	0	root

मल्‍लों	n	2	lwg__psp
की	psp	0	root
राजधानी	n	0	root
होने	v	3	k1
के	psp	0	root
कारण	n	0	root
प्राचीनकाल	n	8	lwg__psp
में	psp	0	root
इस	pn	0	root
स्‍थान	n	9	nmod__adj
का	psp	0	root
अत्‍यंत	adj	0	root
महत्‍व	n	12	nmod__adj
था	v	0	root
।	punc	0	root

बौद्ध	n	0	root
धर्मावलंबियों	n	1	nmod__adj
के	psp	0	root
अनुसार	psp	0	root
लुंबनी	n	6	rsym
,	punc	0	root
बोधगया	n	0	root
और	avy	7	ccof
सारनाथ	n	10	lwg__psp
के	psp	0	root
साथ	nst	12	lwg__rp
ही	avy	0	root
इस	pn	0	root
स्‍थान	n	13	nmod__adj
का	psp	0	root
विशद्	adj	0	root
महत्‍व	n	16	nmod__adj
है	v	0	root
।	punc	0	root

हिंदू	adj	0	root
राजाओं	n	1	nmod__adj
के	psp	0	root
काल	n	5	lwg__psp
में	psp	0	root
चीन	n	7	lwg__psp
से	psp	0	root
ह्वेन	n	0	root
सांग	n	8	pof__cn
,	punc	0	root
फाह्यान	n	0	root
और	avy	11	ccof
इत्‍सिंग	n	14	lwg__psp
ने	psp	0	root
अपने	pn	0	root
यात्रा	n	0	root
वृत्तांत	n	16	pof__cn
में	psp	0	root
इस	pn	0	root
स्‍थान	n	19	nmod__adj
के	psp	0	root
गौरव	n	23	lwg__psp
का	psp	0	root
वर्णन	n	0	root
किया	v	24	pof
है	v	0	root
।	punc	0	root

कुशीनगर	n	2	lwg__psp
का	psp	0	root
सबसे	avy	0	root
ज्‍यादा	avy	3	jjmod__intf
महत्‍व	n	0	root
बौद्ध	n	0	root
तीर्थ	n	6	nmod__adj
के	psp	0	root
रूप	n	0	root
में	psp	0	root
है	v	0	root
।	punc	0	root

1876	n	2	lwg__psp
में	psp	0	root
यह	pn	0	root
स्‍थान	n	3	nmod__adj
एक	num	0	root
बार	n	5	nmod__adj
फिर	adv	0	root
प्रकाश	n	9	lwg__psp
में	psp	0	root
आया	v	11	rsym
,	punc	0	root
जब	pn	0	root
तत्‍कालीन	adj	0	root
पुरातत्‍ववेत्‍ता	n	13	nmod__adj
लॉर्ड	n	0	root
कर्निंघम	n	15	pof__cn
ने	psp	0	root
महापरिनिर्वाण	n	0	root
मूर्ति	n	18	pof__cn
की	psp	0	root
खोज	n	0	root
की	v	21	pof
।	punc	0	root

आइए	v	0	root
करें	v	1	rad
सैर	n	0	root
-	punc	0	root

कुशीनगर	n	2	lwg__psp
की	psp	0	root
सीमा	n	4	lwg__psp
में	psp	0	root
प्रवेश	n	0	root
करते	v	5	pof
ही	avy	0	root
भव्‍य	adj	0	root
प्रवेशद्वार	n	8	nmod__adj
आपका	pn	0	root
स्वागत	n	10	r6-k2
करता	v	13	lwg__vaux
है	v	0	root
।	punc	0	root

इसके	pn	2	lwg__psp
बाद	nst	0	root
आम	adj	0	root
तौर	n	3	nmod__adj
पर	psp	0	root
पर्यटकों	n	7	lwg__psp
की	psp	0	root
निगाह	n	0	root
महापरिनिर्वाण	n	0	root
मंदिर	n	9	pof__cn
की	psp	0	root
ओर	nst	0	root
पड़ती	v	14	lwg__vaux
है	v	0	root
।	punc	0	root

कुशीनगर	n	2	lwg__psp
का	psp	0	root
महत्‍व	n	0	root
महापरिनिर्वाण	n	0	root
मंदिर	n	4	pof__cn
से	psp	0	root
है	v	0	root
।	punc	0	root

इस	pn	0	root
मंदिर	n	1	nmod__adj
का	psp	0	root
स्‍थापत्‍य	n	0	root
अजंता	n	6	lwg__psp
की	psp	0	root
गुफाओं	n	8	lwg__psp
से	psp	0	root
प्रेरित	adj	0	root
है	v	9	k1s
।	punc	0	root

मंदिर	n	2	lwg__psp
के	psp	0	root
डाट	n	0	root
हूबहू	adv	0	root
अजंता	n	6	lwg__psp
की	psp	0	root
गुफाओं	n	8	lwg__psp
के	psp	0	root
डाट	n	10	lwg__psp
की	psp	0	root
तरह	n	0	root
हैं	v	0	root
।	punc	0	root

इस	pn	0	root
मंदिर	n	1	nmod__adj
में	psp	0	root
भगवान	n	0	root
बुद्ध	n	4	pof__cn
की	psp	0	root
लेटी	v	8	lwg__vaux
हुई	v	0	root
(	punc	0	root
भू	n	0	root
-	punc	0	root
स्‍पर्श	n	0	root
मुद्रा	n	12	pof__cn
)	punc	0	root
6	num	0	root
मीटर	n	15	nmod__adj
लंबी	adj	0	root
मूर्ति	n	17	nmod
है	v	20	rsym
,	punc	0	root
जो	pn	0	root
लाल	adj	23	mod
बलुई	adj	0	root
मिट्टी	n	25	lwg__psp
की	psp	0	root
NULL	n	0	root
बनी	v	26	k1s
है	v	0	root
।	punc	0	root

यह	pn	0	root
मंदिर	n	1	nmod__adj
उसी	pn	0	root
स्‍थान	n	3	nmod__adj
पर	psp	0	root
बनाया	v	0	root
गया	v	8	lwg__vaux_cont
है	v	0	root
,	punc	0	root
जहाँ	pn	11	lwg__psp
से	psp	0	root
यह	pn	0	root
मूर्ति	n	12	nmod__adj
निकाली	v	0	root
गई	v	16	lwg__vaux_cont
थी	v	0	root
।	punc	0	root

मंदिर	n	2	lwg__psp
के	psp	0	root
पूर्व	adj	0	root
हिस्‍से	n	3	nmod__adj
में	psp	0	root
एक	num	0	root
स्‍तूप	n	6	nmod__adj
है	v	0	root
।	punc	0	root

यहाँ	pn	2	lwg__psp
पर	psp	0	root
भगवान	n	0	root
बुद्ध	n	3	pof__cn
का	psp	0	root
अंतिम	adj	0	root
संस्‍कार	n	6	nmod__adj
किया	v	0	root
गया	v	10	lwg__vaux_cont
था	v	0	root
।	punc	0	root

मूर्ति	n	2	lwg__rp
भी	avy	0	root
अजंता	n	4	lwg__psp
के	psp	0	root
भगवान	n	0	root
बुद्ध	n	5	pof__cn
की	psp	0	root
महापरिनिर्वाण	n	0	root
मूर्ति	n	8	pof__cn
की	psp	0	root
प्रतिकृति	n	0	root
है	v	11	k1s
।	punc	0	root

वैसे	adv	0	root
मूर्ति	n	3	lwg__psp
का	psp	0	root
काल	n	0	root
अजंता	n	6	lwg__psp
से	psp	0	root
पूर्व	nst	8	lwg__psp
का	psp	0	root
है	v	0	root
।	punc	0	root

इस	pn	0	root
मंदिर	n	1	nmod__adj
के	psp	0	root
आसपास	nst	0	root
कई	avy	0	root
विहार	n	5	nmod__adj
(	punc	0	root
जहाँ	pn	7	rsym
बौद्ध	adj	0	root
भिक्षु	n	9	nmod__adj
रहा	v	0	root
करते	v	13	lwg__vaux_cont
थे	v	0	root
)	punc	0	root
और	avy	0	root
चैत्‍य	n	0	root
(	punc	0	root
जहाँ	pn	17	rsym
भिक्षु	n	0	root
पूजा	n	0	root
करते	v	20	pof
थे	v	0	root
या	avy	0	root
ध्‍यान	n	0	root
लगाते	v	24	pof
थे	v	0	root
)	punc	0	root
भग्‍नावशेष	n	0	root
और	avy	28	ccof
खंडहर	n	0	root
मौजूद	adj	0	root
हैं	v	31	k1s
जो	pn	0	root
अशोककालीन	adj	0	root
बताए	v	34	k1s
जाते	v	37	lwg__vaux_cont
हैं	v	0	root
।	punc	0	root

मंदिर	n	0	root
परिसर	n	1	pof__cn
से	psp	0	root
लगा	v	0	root
काफी	avy	0	root
बड़ा	adj	7	lwg__rp
सा	avy	0	root
पार्क	n	0	root
है	v	10	rsym
,	punc	0	root
जहाँ	pn	0	root
पर्यटकों	n	13	lwg__psp
का	psp	0	root
जमावड़ा	n	0	root
लगा	v	14	k1
रहता	v	17	lwg__vaux_cont
है	v	0	root
।	punc	0	root

वैसे	adv	0	root
इस	pn	0	root
पूरे	adj	0	root
परिसर	n	3	nmod__adj
में	psp	0	root
अलौकिक	adj	0	root
शांति	n	6	nmod__adj
का	psp	0	root
वातावरण	n	0	root
है	v	9	k1
।	punc	0	root

महापरिनिर्वाण	n	0	root
मंदिर	n	1	pof__cn
से	psp	0	root
कुछ	avy	0	root
दूर	nst	4	nmod__adj
आगे	nst	0	root
माथा	n	0	root
कुँवर	n	7	pof__cn
का	psp	0	root
मंदिर	n	0	root
है	v	10	k1
।	punc	0	root

इसके	pn	0	root
स्‍थानीय	adj	0	root
लोगों	n	2	nmod__adj
में	psp	0	root
भगवान	n	0	root
विष्‍णु	n	5	pof__cn
के	psp	0	root
अवतार	n	0	root
होने	v	8	k1
की	psp	0	root
मान्‍यता	n	12	lwg__rp
भी	avy	0	root
प्रचलित	adj	0	root
है	v	13	k1s
।	punc	0	root

इस	pn	0	root
मूर्ति	n	1	nmod__adj
के	psp	0	root
भी	avy	0	root
करीब	avy	0	root
पाँच	num	0	root
सौ	num	6	mod
वर्ष	n	0	root
पुराना	adj	0	root
होने	v	9	k1s
का	psp	0	root
प्रमाण	n	0	root
मिलता	v	12	k1
है	v	0	root
।	punc	0	root

माथा	n	0	root
कुँवर	n	1	pof__cn
की	psp	0	root
मूर्ति	n	0	root
काले	adj	0	root
पत्‍थर	n	5	nmod__adj
से	psp	0	root
बनी	v	9	lwg__vaux
है	v	0	root
।	punc	0	root

इसकी	pn	0	root
ऊँचाई	n	1	r6
करीब	avy	0	root
तीन	num	3	lwg__rp
मीटर	n	0	root
है	v	5	k1s
।	punc	0	root

मूर्ति	n	0	root
भगवान	n	0	root
बुद्ध	n	2	pof__cn
के	psp	0	root
बोधि	n	0	root
प्राप्‍त	adj	0	root
करने	v	6	pof
से	psp	0	root
पूर्व	nst	10	lwg__psp
की	psp	0	root
ध्‍यान	n	0	root
मुद्रा	n	11	pof__cn
में	psp	0	root
है	v	0	root
।	punc	0	root

